<?xml version="1.0" encoding="UTF-8"?>
<!-- Generated by org.testng.reporters.JUnitReportReporter -->
<testsuite name="com.auto.selenium.demo.DataProviderTest" tests="2" time="0.298" ignored="0" failures="0" timestamp="20 四月 2021 09:20:08 GMT" skipped="0" hostname="XT-JT-0243" errors="0">
  <testcase name="testDataProvider" time="0.288" classname="com.auto.selenium.demo.DataProviderTest"/>
  <testcase name="testDataProvider" time="0.010" classname="com.auto.selenium.demo.DataProviderTest"/>
</testsuite> <!-- com.auto.selenium.demo.DataProviderTest -->
