<?xml version="1.0" encoding="UTF-8"?>
<!-- Generated by org.testng.reporters.JUnitReportReporter -->
<testsuite name="com.auto.selenium.AuthTest" tests="11" time="136.433" ignored="0" failures="0" timestamp="25 四月 2021 08:21:57 GMT" skipped="0" hostname="XT-JT-0243" errors="0">
  <testcase name="testDataProvider" time="9.893" classname="com.auto.selenium.AuthTest"/>
  <testcase name="testDataProvider" time="10.392" classname="com.auto.selenium.AuthTest"/>
  <testcase name="testDataProvider" time="9.085" classname="com.auto.selenium.AuthTest"/>
  <testcase name="testDataProvider" time="9.001" classname="com.auto.selenium.AuthTest"/>
  <testcase name="testDataProvider" time="21.857" classname="com.auto.selenium.AuthTest"/>
  <testcase name="testDataProvider" time="13.297" classname="com.auto.selenium.AuthTest"/>
  <testcase name="testDataProvider" time="10.294" classname="com.auto.selenium.AuthTest"/>
  <testcase name="testDataProvider" time="9.244" classname="com.auto.selenium.AuthTest"/>
  <testcase name="testDataProvider" time="10.416" classname="com.auto.selenium.AuthTest"/>
  <testcase name="testDataProvider" time="10.471" classname="com.auto.selenium.AuthTest"/>
  <testcase name="testDataProvider" time="22.483" classname="com.auto.selenium.AuthTest"/>
</testsuite> <!-- com.auto.selenium.AuthTest -->
